c:\users\kacper\documents\gitkraken\opengl-model-loader\modelloader\bin\intermediates\x64\debug\vc142.pdb
c:\users\kacper\documents\gitkraken\opengl-model-loader\modelloader\bin\intermediates\x64\debug\vc142.idb
c:\users\kacper\documents\gitkraken\opengl-model-loader\modelloader\bin\intermediates\x64\debug\stb_imagecpp.obj
c:\users\kacper\documents\gitkraken\opengl-model-loader\modelloader\bin\intermediates\x64\debug\cmakecxxcompilerid.obj
c:\users\kacper\documents\gitkraken\opengl-model-loader\modelloader\bin\intermediates\x64\debug\main.obj
c:\users\kacper\documents\gitkraken\opengl-model-loader\modelloader\bin\intermediates\x64\debug\cmakeccompilerid.obj
c:\users\kacper\documents\gitkraken\opengl-model-loader\modelloader\bin\intermediates\x64\debug\programapplication.obj
c:\users\kacper\documents\gitkraken\opengl-model-loader\modelloader\bin\intermediates\x64\debug\glm.obj
c:\users\kacper\documents\gitkraken\opengl-model-loader\modelloader\bin\x64\debug\modelloader.ilk
c:\users\kacper\documents\gitkraken\opengl-model-loader\modelloader\bin\x64\debug\modelloader.exe
c:\users\kacper\documents\gitkraken\opengl-model-loader\modelloader\bin\x64\debug\modelloader.pdb
c:\users\kacper\documents\gitkraken\opengl-model-loader\modelloader\bin\intermediates\x64\debug\modelloader.tlog\cl.command.1.tlog
c:\users\kacper\documents\gitkraken\opengl-model-loader\modelloader\bin\intermediates\x64\debug\modelloader.tlog\cl.read.1.tlog
c:\users\kacper\documents\gitkraken\opengl-model-loader\modelloader\bin\intermediates\x64\debug\modelloader.tlog\cl.write.1.tlog
c:\users\kacper\documents\gitkraken\opengl-model-loader\modelloader\bin\intermediates\x64\debug\modelloader.tlog\link.18196-cvtres.read.1.tlog
c:\users\kacper\documents\gitkraken\opengl-model-loader\modelloader\bin\intermediates\x64\debug\modelloader.tlog\link.18196-cvtres.write.1.tlog
c:\users\kacper\documents\gitkraken\opengl-model-loader\modelloader\bin\intermediates\x64\debug\modelloader.tlog\link.18196-rc.read.1.tlog
c:\users\kacper\documents\gitkraken\opengl-model-loader\modelloader\bin\intermediates\x64\debug\modelloader.tlog\link.18196-rc.write.1.tlog
c:\users\kacper\documents\gitkraken\opengl-model-loader\modelloader\bin\intermediates\x64\debug\modelloader.tlog\link.18196.read.1.tlog
c:\users\kacper\documents\gitkraken\opengl-model-loader\modelloader\bin\intermediates\x64\debug\modelloader.tlog\link.18196.write.1.tlog
c:\users\kacper\documents\gitkraken\opengl-model-loader\modelloader\bin\intermediates\x64\debug\modelloader.tlog\link.command.1.tlog
c:\users\kacper\documents\gitkraken\opengl-model-loader\modelloader\bin\intermediates\x64\debug\modelloader.tlog\link.read.1.tlog
c:\users\kacper\documents\gitkraken\opengl-model-loader\modelloader\bin\intermediates\x64\debug\modelloader.tlog\link.write.1.tlog
